Build started 27.01.2017 00:33:44.
     1>Project "C:\Users\Sławek\documents\visual studio 2013\Projects\Saw\Saw\Saw.vcxproj" on node 2 (Build target(s)).
     1>ClCompile:
         C:\Program Files (x86)\Microsoft Visual Studio 12.0\VC\bin\CL.exe /c /ZI /nologo /W3 /WX- /sdl /Od /Oy- /D _MBCS /Gm /EHsc /RTC1 /MDd /GS /fp:precise /Zc:wchar_t /Zc:forScope /Fo"Debug\\" /Fd"Debug\vc120.pdb" /Gd /TP /analyze- /errorReport:prompt main.cpp
         main.cpp
     1>c:\users\sławek\documents\visual studio 2013\projects\saw\saw\main.cpp(67): warning C4244: 'initializing' : conversion from 'double' to 'GLfloat', possible loss of data
     1>c:\users\sławek\documents\visual studio 2013\projects\saw\saw\main.cpp(192): warning C4244: '=' : conversion from 'double' to 'GLfloat', possible loss of data
     1>c:\users\sławek\documents\visual studio 2013\projects\saw\saw\main.cpp(193): warning C4244: '=' : conversion from 'double' to 'GLfloat', possible loss of data
     1>c:\users\sławek\documents\visual studio 2013\projects\saw\saw\main.cpp(197): warning C4244: 'initializing' : conversion from 'double' to 'GLfloat', possible loss of data
     1>c:\users\sławek\documents\visual studio 2013\projects\saw\saw\main.cpp(198): warning C4244: 'initializing' : conversion from 'double' to 'GLfloat', possible loss of data
     1>c:\users\sławek\documents\visual studio 2013\projects\saw\saw\main.cpp(200): warning C4244: '=' : conversion from 'double' to 'GLfloat', possible loss of data
     1>c:\users\sławek\documents\visual studio 2013\projects\saw\saw\main.cpp(201): warning C4244: '=' : conversion from 'double' to 'GLfloat', possible loss of data
     1>c:\users\sławek\documents\visual studio 2013\projects\saw\saw\main.cpp(208): warning C4244: 'argument' : conversion from 'double' to 'GLfloat', possible loss of data
       Link:
         C:\Program Files (x86)\Microsoft Visual Studio 12.0\VC\bin\link.exe /ERRORREPORT:PROMPT /OUT:"C:\Users\Sławek\documents\visual studio 2013\Projects\Saw\Debug\Saw.exe" /INCREMENTAL /NOLOGO /LIBPATH:Dependencies/GL /LIBPATH:Dependencies/GLFW /LIBPATH:Dependencies/glm SOIL.lib glew32s.lib glfw3.lib opengl32.lib kernel32.lib user32.lib gdi32.lib winspool.lib comdlg32.lib advapi32.lib shell32.lib ole32.lib oleaut32.lib uuid.lib odbc32.lib odbccp32.lib kernel32.lib user32.lib gdi32.lib winspool.lib comdlg32.lib advapi32.lib shell32.lib ole32.lib oleaut32.lib uuid.lib odbc32.lib odbccp32.lib /MANIFEST /MANIFESTUAC:"level='asInvoker' uiAccess='false'" /manifest:embed /DEBUG /PDB:"C:\Users\Sławek\documents\visual studio 2013\Projects\Saw\Debug\Saw.pdb" /TLBID:1 /DYNAMICBASE /NXCOMPAT /IMPLIB:"C:\Users\Sławek\documents\visual studio 2013\Projects\Saw\Debug\Saw.lib" /MACHINE:X86 Debug\Ground.obj
         Debug\Light.obj
         Debug\Machine.obj
         Debug\main.obj
         Debug\Object.obj
         Debug\Saw.obj
         Debug\ShapeGenerator.obj
         Debug\SkyBox.obj
         Debug\Wood.obj
         SOIL.lib(SOIL.obj) : MSIL .netmodule or module compiled with /GL found; restarting link with /LTCG; add /LTCG to the link command line to improve linker performance
     1>LINK : warning LNK4075: ignoring '/INCREMENTAL' due to '/LTCG' specification
     1>Ground.obj : warning LNK4075: ignoring '/EDITANDCONTINUE' due to '/OPT:LBR' specification
     1>LINK : warning LNK4098: defaultlib 'MSVCRT' conflicts with use of other libs; use /NODEFAULTLIB:library
     1>LINK : warning LNK4098: defaultlib 'LIBCMT' conflicts with use of other libs; use /NODEFAULTLIB:library
         Generating code
         Finished generating code
     1>Wood.obj : warning LNK4049: locally defined symbol ___glewActiveTexture imported
     1>Ground.obj : warning LNK4049: locally defined symbol ___glewActiveTexture imported
     1>Machine.obj : warning LNK4049: locally defined symbol ___glewActiveTexture imported
     1>Saw.obj : warning LNK4049: locally defined symbol ___glewActiveTexture imported
     1>SkyBox.obj : warning LNK4049: locally defined symbol ___glewActiveTexture imported
     1>SkyBox.obj : warning LNK4049: locally defined symbol ___glewAttachShader imported
     1>Wood.obj : warning LNK4049: locally defined symbol ___glewAttachShader imported
     1>Ground.obj : warning LNK4049: locally defined symbol ___glewAttachShader imported
     1>Light.obj : warning LNK4049: locally defined symbol ___glewAttachShader imported
     1>Machine.obj : warning LNK4049: locally defined symbol ___glewAttachShader imported
     1>Saw.obj : warning LNK4049: locally defined symbol ___glewAttachShader imported
     1>SkyBox.obj : warning LNK4049: locally defined symbol ___glewCompileShader imported
     1>Wood.obj : warning LNK4049: locally defined symbol ___glewCompileShader imported
     1>Ground.obj : warning LNK4049: locally defined symbol ___glewCompileShader imported
     1>Light.obj : warning LNK4049: locally defined symbol ___glewCompileShader imported
     1>Machine.obj : warning LNK4049: locally defined symbol ___glewCompileShader imported
     1>Saw.obj : warning LNK4049: locally defined symbol ___glewCompileShader imported
     1>SkyBox.obj : warning LNK4049: locally defined symbol ___glewCreateProgram imported
     1>Wood.obj : warning LNK4049: locally defined symbol ___glewCreateProgram imported
     1>Ground.obj : warning LNK4049: locally defined symbol ___glewCreateProgram imported
     1>Light.obj : warning LNK4049: locally defined symbol ___glewCreateProgram imported
     1>Machine.obj : warning LNK4049: locally defined symbol ___glewCreateProgram imported
     1>Saw.obj : warning LNK4049: locally defined symbol ___glewCreateProgram imported
     1>SkyBox.obj : warning LNK4049: locally defined symbol ___glewCreateShader imported
     1>Wood.obj : warning LNK4049: locally defined symbol ___glewCreateShader imported
     1>Ground.obj : warning LNK4049: locally defined symbol ___glewCreateShader imported
     1>Light.obj : warning LNK4049: locally defined symbol ___glewCreateShader imported
     1>Machine.obj : warning LNK4049: locally defined symbol ___glewCreateShader imported
     1>Saw.obj : warning LNK4049: locally defined symbol ___glewCreateShader imported
     1>SkyBox.obj : warning LNK4049: locally defined symbol ___glewDeleteShader imported
     1>Wood.obj : warning LNK4049: locally defined symbol ___glewDeleteShader imported
     1>Ground.obj : warning LNK4049: locally defined symbol ___glewDeleteShader imported
     1>Light.obj : warning LNK4049: locally defined symbol ___glewDeleteShader imported
     1>Machine.obj : warning LNK4049: locally defined symbol ___glewDeleteShader imported
     1>Saw.obj : warning LNK4049: locally defined symbol ___glewDeleteShader imported
     1>SkyBox.obj : warning LNK4049: locally defined symbol ___glewGetProgramInfoLog imported
     1>Wood.obj : warning LNK4049: locally defined symbol ___glewGetProgramInfoLog imported
     1>Ground.obj : warning LNK4049: locally defined symbol ___glewGetProgramInfoLog imported
     1>Light.obj : warning LNK4049: locally defined symbol ___glewGetProgramInfoLog imported
     1>Machine.obj : warning LNK4049: locally defined symbol ___glewGetProgramInfoLog imported
     1>Saw.obj : warning LNK4049: locally defined symbol ___glewGetProgramInfoLog imported
     1>SkyBox.obj : warning LNK4049: locally defined symbol ___glewGetProgramiv imported
     1>Wood.obj : warning LNK4049: locally defined symbol ___glewGetProgramiv imported
     1>Ground.obj : warning LNK4049: locally defined symbol ___glewGetProgramiv imported
     1>Light.obj : warning LNK4049: locally defined symbol ___glewGetProgramiv imported
     1>Machine.obj : warning LNK4049: locally defined symbol ___glewGetProgramiv imported
     1>Saw.obj : warning LNK4049: locally defined symbol ___glewGetProgramiv imported
     1>SkyBox.obj : warning LNK4049: locally defined symbol ___glewGetShaderInfoLog imported
     1>Wood.obj : warning LNK4049: locally defined symbol ___glewGetShaderInfoLog imported
     1>Ground.obj : warning LNK4049: locally defined symbol ___glewGetShaderInfoLog imported
     1>Light.obj : warning LNK4049: locally defined symbol ___glewGetShaderInfoLog imported
     1>Machine.obj : warning LNK4049: locally defined symbol ___glewGetShaderInfoLog imported
     1>Saw.obj : warning LNK4049: locally defined symbol ___glewGetShaderInfoLog imported
     1>SkyBox.obj : warning LNK4049: locally defined symbol ___glewGetShaderiv imported
     1>Wood.obj : warning LNK4049: locally defined symbol ___glewGetShaderiv imported
     1>Ground.obj : warning LNK4049: locally defined symbol ___glewGetShaderiv imported
     1>Light.obj : warning LNK4049: locally defined symbol ___glewGetShaderiv imported
     1>Machine.obj : warning LNK4049: locally defined symbol ___glewGetShaderiv imported
     1>Saw.obj : warning LNK4049: locally defined symbol ___glewGetShaderiv imported
     1>SkyBox.obj : warning LNK4049: locally defined symbol ___glewGetUniformLocation imported
     1>Wood.obj : warning LNK4049: locally defined symbol ___glewGetUniformLocation imported
     1>Ground.obj : warning LNK4049: locally defined symbol ___glewGetUniformLocation imported
     1>Light.obj : warning LNK4049: locally defined symbol ___glewGetUniformLocation imported
     1>Machine.obj : warning LNK4049: locally defined symbol ___glewGetUniformLocation imported
     1>Saw.obj : warning LNK4049: locally defined symbol ___glewGetUniformLocation imported
     1>SkyBox.obj : warning LNK4049: locally defined symbol ___glewLinkProgram imported
     1>Wood.obj : warning LNK4049: locally defined symbol ___glewLinkProgram imported
     1>Ground.obj : warning LNK4049: locally defined symbol ___glewLinkProgram imported
     1>Light.obj : warning LNK4049: locally defined symbol ___glewLinkProgram imported
     1>Machine.obj : warning LNK4049: locally defined symbol ___glewLinkProgram imported
     1>Saw.obj : warning LNK4049: locally defined symbol ___glewLinkProgram imported
     1>SkyBox.obj : warning LNK4049: locally defined symbol ___glewShaderSource imported
     1>Wood.obj : warning LNK4049: locally defined symbol ___glewShaderSource imported
     1>Ground.obj : warning LNK4049: locally defined symbol ___glewShaderSource imported
     1>Light.obj : warning LNK4049: locally defined symbol ___glewShaderSource imported
     1>Machine.obj : warning LNK4049: locally defined symbol ___glewShaderSource imported
     1>Saw.obj : warning LNK4049: locally defined symbol ___glewShaderSource imported
     1>Ground.obj : warning LNK4049: locally defined symbol ___glewUniform1f imported
     1>Machine.obj : warning LNK4049: locally defined symbol ___glewUniform1f imported
     1>Saw.obj : warning LNK4049: locally defined symbol ___glewUniform1f imported
     1>Wood.obj : warning LNK4049: locally defined symbol ___glewUniform1f imported
     1>Wood.obj : warning LNK4049: locally defined symbol ___glewUniform1i imported
     1>Ground.obj : warning LNK4049: locally defined symbol ___glewUniform1i imported
     1>Machine.obj : warning LNK4049: locally defined symbol ___glewUniform1i imported
     1>Saw.obj : warning LNK4049: locally defined symbol ___glewUniform1i imported
     1>SkyBox.obj : warning LNK4049: locally defined symbol ___glewUniform1i imported
     1>Ground.obj : warning LNK4049: locally defined symbol ___glewUniform3f imported
     1>Machine.obj : warning LNK4049: locally defined symbol ___glewUniform3f imported
     1>Saw.obj : warning LNK4049: locally defined symbol ___glewUniform3f imported
     1>Wood.obj : warning LNK4049: locally defined symbol ___glewUniform3f imported
     1>Saw.obj : warning LNK4049: locally defined symbol ___glewUniformMatrix4fv imported
     1>SkyBox.obj : warning LNK4049: locally defined symbol ___glewUniformMatrix4fv imported
     1>Wood.obj : warning LNK4049: locally defined symbol ___glewUniformMatrix4fv imported
     1>Ground.obj : warning LNK4049: locally defined symbol ___glewUniformMatrix4fv imported
     1>Light.obj : warning LNK4049: locally defined symbol ___glewUniformMatrix4fv imported
     1>Machine.obj : warning LNK4049: locally defined symbol ___glewUniformMatrix4fv imported
     1>Object.obj : warning LNK4049: locally defined symbol ___glewUniformMatrix4fv imported
     1>SkyBox.obj : warning LNK4049: locally defined symbol ___glewUseProgram imported
     1>Wood.obj : warning LNK4049: locally defined symbol ___glewUseProgram imported
     1>Ground.obj : warning LNK4049: locally defined symbol ___glewUseProgram imported
     1>Light.obj : warning LNK4049: locally defined symbol ___glewUseProgram imported
     1>Machine.obj : warning LNK4049: locally defined symbol ___glewUseProgram imported
     1>Saw.obj : warning LNK4049: locally defined symbol ___glewUseProgram imported
     1>Saw.obj : warning LNK4049: locally defined symbol ___glewBindVertexArray imported
     1>SkyBox.obj : warning LNK4049: locally defined symbol ___glewBindVertexArray imported
     1>Wood.obj : warning LNK4049: locally defined symbol ___glewBindVertexArray imported
     1>Ground.obj : warning LNK4049: locally defined symbol ___glewBindVertexArray imported
     1>Light.obj : warning LNK4049: locally defined symbol ___glewBindVertexArray imported
     1>Machine.obj : warning LNK4049: locally defined symbol ___glewBindVertexArray imported
     1>Object.obj : warning LNK4049: locally defined symbol ___glewBindVertexArray imported
     1>Object.obj : warning LNK4049: locally defined symbol ___glewBindBuffer imported
     1>SkyBox.obj : warning LNK4049: locally defined symbol ___glewBindBuffer imported
     1>Object.obj : warning LNK4049: locally defined symbol ___glewBufferData imported
     1>SkyBox.obj : warning LNK4049: locally defined symbol ___glewBufferData imported
     1>Object.obj : warning LNK4049: locally defined symbol ___glewGenBuffers imported
     1>SkyBox.obj : warning LNK4049: locally defined symbol ___glewGenBuffers imported
     1>Object.obj : warning LNK4049: locally defined symbol ___glewEnableVertexAttribArray imported
     1>SkyBox.obj : warning LNK4049: locally defined symbol ___glewEnableVertexAttribArray imported
     1>Object.obj : warning LNK4049: locally defined symbol ___glewVertexAttribPointer imported
     1>SkyBox.obj : warning LNK4049: locally defined symbol ___glewVertexAttribPointer imported
     1>Object.obj : warning LNK4049: locally defined symbol ___glewGenerateMipmap imported
     1>SkyBox.obj : warning LNK4049: locally defined symbol ___glewGenerateMipmap imported
     1>Object.obj : warning LNK4049: locally defined symbol ___glewDeleteVertexArrays imported
     1>Object.obj : warning LNK4049: locally defined symbol ___glewGenVertexArrays imported
     1>SkyBox.obj : warning LNK4049: locally defined symbol ___glewGenVertexArrays imported
         Saw.vcxproj -> C:\Users\Sławek\documents\visual studio 2013\Projects\Saw\Debug\Saw.exe
     1>Done Building Project "C:\Users\Sławek\documents\visual studio 2013\Projects\Saw\Saw\Saw.vcxproj" (Build target(s)).

Build succeeded.

Time Elapsed 00:00:04.62
